This file contains any messages produced by compilers while
running configure, to aid debugging if configure makes a mistake.

It was created by gettext-examples configure 0.22, which was
generated by GNU Autoconf 2.71.  Invocation command line was

  $ ./configure --disable-option-checking --prefix=/home/lgernido/.local --cache-file=/dev/null --srcdir=.

## --------- ##
## Platform. ##
## --------- ##

hostname = bess-f4r1s5.clusters.42paris.fr
uname -m = x86_64
uname -r = 5.15.0-125-generic
uname -s = Linux
uname -v = #135-Ubuntu SMP Fri Sep 27 13:53:58 UTC 2024

/usr/bin/uname -p = x86_64
/bin/uname -X     = unknown

/bin/arch              = x86_64
/usr/bin/arch -k       = unknown
/usr/convex/getsysinfo = unknown
/usr/bin/hostinfo      = unknown
/bin/machine           = unknown
/usr/bin/oslevel       = unknown
/bin/universe          = unknown

PATH: /home/lgernido/.local/bin/
PATH: /home/lgernido/bin/
PATH: /home/lgernido/bin/
PATH: /usr/local/sbin/
PATH: /usr/local/bin/
PATH: /usr/sbin/
PATH: /usr/bin/
PATH: /sbin/
PATH: /bin/
PATH: /usr/games/
PATH: /usr/local/games/
PATH: /snap/bin/


## ----------- ##
## Core tests. ##
## ----------- ##

configure:1726: looking for aux files: missing install-sh
configure:1739:  trying ./../../build-aux/
configure:1768:   ./../../build-aux/missing found
configure:1750:   ./../../build-aux/install-sh found
configure:1899: checking for a BSD-compatible install
configure:1972: result: /usr/bin/install -c
configure:1983: checking whether build environment is sane
configure:2038: result: yes
configure:2197: checking for a race-free mkdir -p
configure:2241: result: /usr/bin/mkdir -p
configure:2248: checking for gawk
configure:2269: found /usr/bin/gawk
configure:2280: result: gawk
configure:2291: checking whether make sets $(MAKE)
configure:2314: result: yes
configure:2344: checking whether make supports nested variables
configure:2362: result: yes
configure:2501: checking for a sed that does not truncate output
configure:2571: result: /usr/bin/sed
configure:2577: checking whether NLS is requested
configure:2587: result: yes
configure:2627: checking for msgfmt
configure:2663: result: no
configure:2669: checking for gmsgfmt
configure:2705: result: :
configure:2750: checking for xgettext
configure:2786: result: no
configure:2828: checking for msgmerge
configure:2863: result: no
configure:3033: checking that generated files are newer than configure
configure:3039: result: done
configure:3047: creating ./config.status

## ---------------------- ##
## Running config.status. ##
## ---------------------- ##

This file was extended by gettext-examples config.status 0.22, which was
generated by GNU Autoconf 2.71.  Invocation command line was

  CONFIG_FILES    = 
  CONFIG_HEADERS  = 
  CONFIG_LINKS    = 
  CONFIG_COMMANDS = 
  $ ./config.status 

on bess-f4r1s5.clusters.42paris.fr

config.status:769: creating Makefile
config.status:769: creating installpaths
config.status:769: creating po/Makefile
config.status:941: executing po-directories commands

## ---------------- ##
## Cache variables. ##
## ---------------- ##

ac_cv_env_build_alias_set=
ac_cv_env_build_alias_value=
ac_cv_env_host_alias_set=
ac_cv_env_host_alias_value=
ac_cv_env_target_alias_set=
ac_cv_env_target_alias_value=
ac_cv_path_GMSGFMT=:
ac_cv_path_MSGFMT=:
ac_cv_path_MSGMERGE=:
ac_cv_path_SED=/usr/bin/sed
ac_cv_path_XGETTEXT=:
ac_cv_path_install='/usr/bin/install -c'
ac_cv_path_mkdir=/usr/bin/mkdir
ac_cv_prog_AWK=gawk
ac_cv_prog_make_make_set=yes
am_cv_make_support_nested_variables=yes

## ----------------- ##
## Output variables. ##
## ----------------- ##

ACLOCAL='${SHELL} '\''/home/lgernido/Documents/ft_transcendence/backend/src/gettext-0.22/build-aux/missing'\'' aclocal-1.16'
AMTAR='$${TAR-tar}'
AM_BACKSLASH='\'
AM_DEFAULT_V='$(AM_DEFAULT_VERBOSITY)'
AM_DEFAULT_VERBOSITY='1'
AM_V='$(V)'
AUTOCONF='${SHELL} '\''/home/lgernido/Documents/ft_transcendence/backend/src/gettext-0.22/build-aux/missing'\'' autoconf'
AUTOHEADER='${SHELL} '\''/home/lgernido/Documents/ft_transcendence/backend/src/gettext-0.22/build-aux/missing'\'' autoheader'
AUTOMAKE='${SHELL} '\''/home/lgernido/Documents/ft_transcendence/backend/src/gettext-0.22/build-aux/missing'\'' automake-1.16'
AWK='gawk'
CSCOPE='cscope'
CTAGS='ctags'
CYGPATH_W='echo'
DEFS='-DPACKAGE_NAME=\"gettext-examples\" -DPACKAGE_TARNAME=\"gettext-examples\" -DPACKAGE_VERSION=\"0.22\" -DPACKAGE_STRING=\"gettext-examples\ 0.22\" -DPACKAGE_BUGREPORT=\"bug-gettext@gnu.org\" -DPACKAGE_URL=\"\" -DPACKAGE=\"gettext-examples\" -DVERSION=\"0.22\"'
ECHO_C=''
ECHO_N='-n'
ECHO_T=''
ETAGS='etags'
GETTEXT_MACRO_VERSION='0.20'
GMSGFMT=':'
GMSGFMT_015=':'
INSTALL_DATA='${INSTALL} -m 644'
INSTALL_PROGRAM='${INSTALL}'
INSTALL_SCRIPT='${INSTALL}'
INSTALL_STRIP_PROGRAM='$(install_sh) -c -s'
LIBOBJS=''
LIBS=''
LTLIBOBJS=''
MAKEINFO='${SHELL} '\''/home/lgernido/Documents/ft_transcendence/backend/src/gettext-0.22/build-aux/missing'\'' makeinfo'
MKDIR_P='/usr/bin/mkdir -p'
MSGFMT=':'
MSGMERGE=':'
MSGMERGE_FOR_MSGFMT_OPTION='--no-location --quiet'
PACKAGE='gettext-examples'
PACKAGE_BUGREPORT='bug-gettext@gnu.org'
PACKAGE_NAME='gettext-examples'
PACKAGE_STRING='gettext-examples 0.22'
PACKAGE_TARNAME='gettext-examples'
PACKAGE_URL=''
PACKAGE_VERSION='0.22'
PATH_SEPARATOR=':'
SED='/usr/bin/sed'
SET_MAKE=''
SHELL='/bin/bash'
STRIP=''
USE_NLS='yes'
VERSION='0.22'
XGETTEXT=':'
XGETTEXT_015=':'
XGETTEXT_EXTRA_OPTIONS=''
aclocaldir='${datadir}/aclocal'
am__isrc=''
am__leading_dot='.'
am__tar='$${TAR-tar} chof - "$$tardir"'
am__untar='$${TAR-tar} xf -'
bindir='${exec_prefix}/bin'
build_alias=''
datadir='${datarootdir}'
datarootdir='${prefix}/share'
docdir='${datarootdir}/doc/gettext'
dvidir='${docdir}'
exec_prefix='${prefix}'
host_alias=''
htmldir='${docdir}'
includedir='${prefix}/include'
infodir='${datarootdir}/info'
install_sh='${SHELL} /home/lgernido/Documents/ft_transcendence/backend/src/gettext-0.22/build-aux/install-sh'
libdir='${exec_prefix}/lib'
libexecdir='${exec_prefix}/libexec'
localedir='${datarootdir}/locale'
localstatedir='${prefix}/var'
mandir='${datarootdir}/man'
mkdir_p='$(MKDIR_P)'
oldincludedir='/usr/include'
pdfdir='${docdir}'
prefix='/home/lgernido/.local'
program_transform_name='s,x,x,'
psdir='${docdir}'
runstatedir='${localstatedir}/run'
sbindir='${exec_prefix}/sbin'
sharedstatedir='${prefix}/com'
sysconfdir='${prefix}/etc'
target_alias=''

## ----------- ##
## confdefs.h. ##
## ----------- ##

/* confdefs.h */
#define PACKAGE_NAME "gettext-examples"
#define PACKAGE_TARNAME "gettext-examples"
#define PACKAGE_VERSION "0.22"
#define PACKAGE_STRING "gettext-examples 0.22"
#define PACKAGE_BUGREPORT "bug-gettext@gnu.org"
#define PACKAGE_URL ""
#define PACKAGE "gettext-examples"
#define VERSION "0.22"

configure: exit 0
